[INFO] Scanning for projects...
[INFO] 
[INFO] -----------------< com.wavebeat:web-nghe-nhac-online >------------------
[INFO] Building WaveBeat Music 1.0.0
[INFO]   from pom.xml
[INFO] --------------------------------[ jar ]---------------------------------
[INFO] 
[INFO] >>> spring-boot:3.3.5:run (default-cli) > test-compile @ web-nghe-nhac-online >>>
[INFO] 
[INFO] --- resources:3.3.1:resources (default-resources) @ web-nghe-nhac-online ---
[INFO] Copying 1 resource from src\main\resources to target\classes
[INFO] Copying 3 resources from src\main\resources to target\classes
[INFO] 
[INFO] --- compiler:3.13.0:compile (default-compile) @ web-nghe-nhac-online ---
[INFO] Nothing to compile - all classes are up to date.
[INFO] 
[INFO] --- resources:3.3.1:testResources (default-testResources) @ web-nghe-nhac-online ---
[INFO] skip non existing resourceDirectory C:\Users\mrnha\Downloads\spring (1)\Web_nghe_nhac_online\src\test\resources
[INFO] 
[INFO] --- compiler:3.13.0:testCompile (default-testCompile) @ web-nghe-nhac-online ---
[INFO] Nothing to compile - all classes are up to date.
[INFO] 
[INFO] <<< spring-boot:3.3.5:run (default-cli) < test-compile @ web-nghe-nhac-online <<<
[INFO] 
[INFO] 
[INFO] --- spring-boot:3.3.5:run (default-cli) @ web-nghe-nhac-online ---
[INFO] Attaching agents: []

  .   ____          _            __ _ _
 /\\ / ___'_ __ _ _(_)_ __  __ _ \ \ \ \
( ( )\___ | '_ | '_| | '_ \/ _` | \ \ \ \
 \\/  ___)| |_)| | | | | || (_| |  ) ) ) )
  '  |____| .__|_| |_|_| |_\__, | / / / /
 =========|_|==============|___/=/_/_/_/

 :: Spring Boot ::                (v3.3.5)

2026-04-01T15:11:56.252+07:00  INFO 6648 --- [wavebeat-music] [           main] com.wavebeat.music.WaveBeatApplication   : Starting WaveBeatApplication using Java 22.0.1 with PID 6648 (C:\Users\mrnha\Downloads\spring (1)\Web_nghe_nhac_online\target\classes started by mrnha in C:\Users\mrnha\Downloads\spring (1)\Web_nghe_nhac_online)
2026-04-01T15:11:56.256+07:00  INFO 6648 --- [wavebeat-music] [           main] com.wavebeat.music.WaveBeatApplication   : No active profile set, falling back to 1 default profile: "default"
2026-04-01T15:11:57.400+07:00  INFO 6648 --- [wavebeat-music] [           main] o.s.b.w.embedded.tomcat.TomcatWebServer  : Tomcat initialized with port 8080 (http)
2026-04-01T15:11:57.419+07:00  INFO 6648 --- [wavebeat-music] [           main] o.apache.catalina.core.StandardService   : Starting service [Tomcat]
2026-04-01T15:11:57.421+07:00  INFO 6648 --- [wavebeat-music] [           main] o.apache.catalina.core.StandardEngine    : Starting Servlet engine: [Apache Tomcat/10.1.31]
2026-04-01T15:11:57.486+07:00  INFO 6648 --- [wavebeat-music] [           main] o.a.c.c.C.[Tomcat].[localhost].[/]       : Initializing Spring embedded WebApplicationContext
2026-04-01T15:11:57.487+07:00  INFO 6648 --- [wavebeat-music] [           main] w.s.c.ServletWebServerApplicationContext : Root WebApplicationContext: initialization completed in 1182 ms
2026-04-01T15:11:57.651+07:00  INFO 6648 --- [wavebeat-music] [           main] o.s.b.a.w.s.WelcomePageHandlerMapping    : Adding welcome page: class path resource [static/index.html]
2026-04-01T15:11:57.933+07:00  WARN 6648 --- [wavebeat-music] [           main] ConfigServletWebServerApplicationContext : Exception encountered during context initialization - cancelling refresh attempt: org.springframework.context.ApplicationContextException: Failed to start bean 'webServerStartStop'
2026-04-01T15:11:57.949+07:00  INFO 6648 --- [wavebeat-music] [           main] .s.b.a.l.ConditionEvaluationReportLogger : 

Error starting ApplicationContext. To display the condition evaluation report re-run your application with 'debug' enabled.
2026-04-01T15:11:57.969+07:00 ERROR 6648 --- [wavebeat-music] [           main] o.s.b.d.LoggingFailureAnalysisReporter   : 

***************************
APPLICATION FAILED TO START
***************************

Description:

Web server failed to start. Port 8080 was already in use.

Action:

Identify and stop the process that's listening on port 8080 or configure this application to listen on another port.

[INFO] ------------------------------------------------------------------------
[INFO] BUILD FAILURE
[INFO] ------------------------------------------------------------------------
[INFO] Total time:  5.196 s
[INFO] Finished at: 2026-04-01T15:11:58+07:00
[INFO] ------------------------------------------------------------------------
[ERROR] Failed to execute goal org.springframework.boot:spring-boot-maven-plugin:3.3.5:run (default-cli) on project web-nghe-nhac-online: Process terminated with exit code: 1 -> [Help 1]
[ERROR] 
[ERROR] To see the full stack trace of the errors, re-run Maven with the -e switch.
[ERROR] Re-run Maven using the -X switch to enable full debug logging.
[ERROR] 
[ERROR] For more information about the errors and possible solutions, please read the following articles:
[ERROR] [Help 1] http://cwiki.apache.org/confluence/display/MAVEN/MojoExecutionException
